<?xml version="1.0" encoding="UTF-8"?>
<testsuites>
  <testsuite name="Service_Affiliate_SendConversionTest" file="/var/www/test_project_trunk/src/test_project/test/core/service/affiliate/SendConversionTest.php" fullPackage="Service.Affiliate" tests="3" assertions="2" failures="1" errors="1" time="0.022459">
    <testcase name="testSplitUrlParams" class="Service_Affiliate_SendConversionTest" file="/var/www/test_project_trunk/src/test_project/test/core/service/affiliate/SendConversionTest.php" line="32" assertions="1" time="0.012219">
      <failure type="PHPUnit_Framework_ExpectationFailedException">Service_Affiliate_SendConversionTest::testSplitUrlParams
--- Expected
+++ Actual
@@ @@
 Array
 (
-    [0] =&gt; http://a.ad-analyze.j
+    [0] =&gt; http://a.ad-analyze.jp
     [1] =&gt; Array
         (
         )
 
 )

/var/www/test_project_trunk/src/test_project/test/core/service/affiliate/SendConversionTest.php:43
/var/www/test_project_trunk/src/test_project/test/BaseTestCase.php:136
</failure>
    </testcase>
    <testcase name="testCreateRequestParam" class="Service_Affiliate_SendConversionTest" file="/var/www/test_project_trunk/src/test_project/test/core/service/affiliate/SendConversionTest.php" line="137" assertions="0" time="0.001672">
      <error type="Exception">Service_Affiliate_SendConversionTest::testCreateRequestParam
Exception: hoge

/var/www/test_project_trunk/src/test_project/test/core/service/affiliate/SendConversionTest.php:139
/var/www/test_project_trunk/src/test_project/test/BaseTestCase.php:136
</error>
    </testcase>
    <testcase name="testDummy" class="Service_Affiliate_SendConversionTest" file="/var/www/test_project_trunk/src/test_project/test/core/service/affiliate/SendConversionTest.php" line="60" assertions="1" time="0.008568"/>
  </testsuite>
</testsuites>
